
> insurance@0.1.0 build
> next build

   Γû▓ Next.js 16.0.7 (Turbopack)
   - Environments: .env.local

   Creating an optimized production build ...
 Γ£ô Compiled successfully in 24.1s
   Running TypeScript ...
node.exe : Failed to 
compile.
At line:1 char:1
+ & "C:\Program Files\
nodejs/node.exe" 
"C:\Program 
Files\nodejs/node_mo 
...
+ ~~~~~~~~~~~~~~~~~~~~
~~~~~~~~~~~~~~~~~~~~~~
~~~~~~~~~~~~~~~~~~~~~~
~~~~~
    + CategoryInfo    
          : NotSpeci  
  fied: (Failed to    
 compile.:String)     
[], RemoteExcepti    
on
    + FullyQualifiedE 
   rrorId : NativeCo  
  mmandError
 

./src/components/Perfo
rmanceChart.tsx:71:35
Type error: Parameter 
'entry' implicitly 
has an 'any' type.

[0m [90m 69 |[39m  
               [33m<
[39m[33mdiv[39m clas
sName[33m=[39m[32m"
bg-white p-3 
rounded-lg shadow-lg 
border border-gray-200
"[39m[33m>[39m
 [90m 70 |[39m      
               [33m<
[39m[33mp[39m classN
ame[33m=[39m[32m"fo
nt-semibold 
text-gray-900 mb-2"[3
9m[33m>[39m{label}[
33m<[39m[33m/[39m[
33mp[39m[33m>[39m
[31m[1m>[22m[39m[
90m 71 |[39m         
            {payload[
33m.[39mmap((entry[3
3m,[39m index) 
[33m=>[39m (
 [90m    |[39m      
                      
       
[31m[1m^[22m[39m
 [90m 72 |[39m      
                   [3
3m<[39m[33mp[39m 
key[33m=[39m{index} 
className[33m=[39m[
32m"text-sm"[39m 
style[33m=[39m{{ 
color[33m:[39m 
entry[33m.[39mcolor 
}}[33m>[39m
 [90m 73 |[39m      
                      
 {entry[33m.[39mname
}[33m:[39m [33m<[3
9m[33mspan[39m class
Name[33m=[39m[32m"f
ont-bold"[39m[33m>[
39m{entry[33m.[39mva
lue}[33m<[39m[33m/
[39m[33mspan[39m[33
m>[39m
 [90m 74 |[39m      
                   [3
3m<[39m[33m/[39m[3
3mp[39m[33m>[39m[0
m
Next.js build worker 
exited with code: 1 
and signal: null
